<?xml version="1.0" encoding="UTF-8"?>
<!-- Generated by org.testng.reporters.JUnitXMLReporter -->
<testsuite ignored="0" hostname="SMRUTI-SOURAV" failures="0" tests="7" name="Test" time="131.476" errors="0" timestamp="06 Feb 2024 19:32:26 GMT">
  <testcase classname="com.sdw.tests.HomePageTest" name="validateTheTitleOfHomePage" time="0.741"/>
  <testcase classname="com.sdw.tests.HomePageTest" name="validateTitleOfAccountingPage" time="1.815"/>
  <testcase classname="com.sdw.tests.HomePageTest" name="validateTitleOfMarketingAndExploringPage" time="2.474"/>
  <testcase classname="com.sdw.tests.ResidentLoginTests" name="selectOptionsFromDropDown" time="14.485"/>
  <testcase classname="com.sdw.tests.ResidentLoginTests" name="validateMandatoryField" time="13.799"/>
  <testcase classname="com.sdw.tests.ResidentLoginTests" name="validateOptionsFromDropDown" time="8.832"/>
  <testcase classname="com.sdw.tests.ResidentLoginTests" name="visibilityOfContactForm" time="7.28"/>
</testsuite> <!-- Test -->
