<?xml version="1.0" encoding="UTF-8"?>
<!-- Generated by org.testng.reporters.JUnitXMLReporter -->
<testsuite ignored="0" hostname="SMRUTI-SOURAV" failures="0" tests="7" name="Test" time="140.754" errors="0" timestamp="06 Feb 2024 18:51:31 GMT">
  <testcase classname="com.sdw.tests.HomePageTest" name="validateTheTitleOfHomePage" time="0.438"/>
  <testcase classname="com.sdw.tests.HomePageTest" name="validateTitleOfAccountingPage" time="2.202"/>
  <testcase classname="com.sdw.tests.HomePageTest" name="validateTitleOfMarketingAndExploringPage" time="2.216"/>
  <testcase classname="com.sdw.tests.ResidentLoginTests" name="selectOptionsFromDropDown" time="11.825"/>
  <testcase classname="com.sdw.tests.ResidentLoginTests" name="validateMandatoryField" time="13.507"/>
  <testcase classname="com.sdw.tests.ResidentLoginTests" name="validateOptionsFromDropDown" time="12.201"/>
  <testcase classname="com.sdw.tests.ResidentLoginTests" name="visibilityOfContactForm" time="11.547"/>
</testsuite> <!-- Test -->
