<?xml version="1.0" encoding="UTF-8"?>
<!-- Generated by org.testng.reporters.JUnitXMLReporter -->
<testsuite ignored="0" hostname="SMRUTI-SOURAV" failures="0" tests="7" name="Test" time="104.368" errors="0" timestamp="06 Feb 2024 19:22:26 GMT">
  <testcase classname="com.sdw.tests.HomePageTest" name="validateTheTitleOfHomePage" time="0.527"/>
  <testcase classname="com.sdw.tests.HomePageTest" name="validateTitleOfAccountingPage" time="1.689"/>
  <testcase classname="com.sdw.tests.HomePageTest" name="validateTitleOfMarketingAndExploringPage" time="1.321"/>
  <testcase classname="com.sdw.tests.ResidentLoginTests" name="selectOptionsFromDropDown" time="9.177"/>
  <testcase classname="com.sdw.tests.ResidentLoginTests" name="validateMandatoryField" time="9.17"/>
  <testcase classname="com.sdw.tests.ResidentLoginTests" name="validateOptionsFromDropDown" time="11.168"/>
  <testcase classname="com.sdw.tests.ResidentLoginTests" name="visibilityOfContactForm" time="9.206"/>
</testsuite> <!-- Test -->
