<?xml version="1.0" encoding="UTF-8"?>
<testng-results ignored="0" total="7" passed="7" failed="0" skipped="0">
  <reporter-output>
  </reporter-output>
  <suite started-at="2024-02-06T18:49:10Z" name="Suite" finished-at="2024-02-06T18:51:31Z" duration-ms="140754">
    <groups>
    </groups>
    <test started-at="2024-02-06T18:49:10Z" name="Test" finished-at="2024-02-06T18:51:31Z" duration-ms="140754">
      <class name="com.sdw.tests.HomePageTest">
        <test-method is-config="true" signature="setUp()[pri:0, instance:com.sdw.tests.HomePageTest@6ee4d9ab]" started-at="2024-02-06T18:49:10Z" name="setUp" finished-at="2024-02-06T18:49:25Z" duration-ms="14448" status="PASS">
          <reporter-output>
          </reporter-output>
        </test-method> <!-- setUp -->
        <test-method signature="validateTheTitleOfHomePage()[pri:0, instance:com.sdw.tests.HomePageTest@6ee4d9ab]" started-at="2024-02-06T18:49:25Z" name="validateTheTitleOfHomePage" finished-at="2024-02-06T18:49:25Z" duration-ms="438" status="PASS">
          <reporter-output>
          </reporter-output>
        </test-method> <!-- validateTheTitleOfHomePage -->
        <test-method is-config="true" signature="tearDown()[pri:0, instance:com.sdw.tests.HomePageTest@6ee4d9ab]" started-at="2024-02-06T18:49:25Z" name="tearDown" finished-at="2024-02-06T18:49:26Z" duration-ms="1326" status="PASS">
          <reporter-output>
          </reporter-output>
        </test-method> <!-- tearDown -->
        <test-method is-config="true" signature="setUp()[pri:0, instance:com.sdw.tests.HomePageTest@6ee4d9ab]" started-at="2024-02-06T18:49:26Z" name="setUp" finished-at="2024-02-06T18:49:38Z" duration-ms="11609" status="PASS">
          <reporter-output>
          </reporter-output>
        </test-method> <!-- setUp -->
        <test-method signature="validateTitleOfAccountingPage()[pri:0, instance:com.sdw.tests.HomePageTest@6ee4d9ab]" started-at="2024-02-06T18:49:38Z" name="validateTitleOfAccountingPage" finished-at="2024-02-06T18:49:40Z" duration-ms="2202" status="PASS">
          <reporter-output>
          </reporter-output>
        </test-method> <!-- validateTitleOfAccountingPage -->
        <test-method is-config="true" signature="tearDown()[pri:0, instance:com.sdw.tests.HomePageTest@6ee4d9ab]" started-at="2024-02-06T18:49:40Z" name="tearDown" finished-at="2024-02-06T18:49:41Z" duration-ms="946" status="PASS">
          <reporter-output>
          </reporter-output>
        </test-method> <!-- tearDown -->
        <test-method is-config="true" signature="setUp()[pri:0, instance:com.sdw.tests.HomePageTest@6ee4d9ab]" started-at="2024-02-06T18:49:41Z" name="setUp" finished-at="2024-02-06T18:49:52Z" duration-ms="10875" status="PASS">
          <reporter-output>
          </reporter-output>
        </test-method> <!-- setUp -->
        <test-method signature="validateTitleOfMarketingAndExploringPage()[pri:0, instance:com.sdw.tests.HomePageTest@6ee4d9ab]" started-at="2024-02-06T18:49:52Z" name="validateTitleOfMarketingAndExploringPage" finished-at="2024-02-06T18:49:54Z" duration-ms="2216" status="PASS">
          <reporter-output>
          </reporter-output>
        </test-method> <!-- validateTitleOfMarketingAndExploringPage -->
        <test-method is-config="true" signature="tearDown()[pri:0, instance:com.sdw.tests.HomePageTest@6ee4d9ab]" started-at="2024-02-06T18:49:54Z" name="tearDown" finished-at="2024-02-06T18:49:55Z" duration-ms="927" status="PASS">
          <reporter-output>
          </reporter-output>
        </test-method> <!-- tearDown -->
      </class> <!-- com.sdw.tests.HomePageTest -->
      <class name="com.sdw.tests.ResidentLoginTests">
        <test-method is-config="true" signature="setUp()[pri:0, instance:com.sdw.tests.ResidentLoginTests@5a5338df]" started-at="2024-02-06T18:49:55Z" name="setUp" finished-at="2024-02-06T18:50:06Z" duration-ms="10478" status="PASS">
          <reporter-output>
          </reporter-output>
        </test-method> <!-- setUp -->
        <test-method signature="selectOptionsFromDropDown()[pri:0, instance:com.sdw.tests.ResidentLoginTests@5a5338df]" started-at="2024-02-06T18:50:06Z" name="selectOptionsFromDropDown" finished-at="2024-02-06T18:50:17Z" duration-ms="11825" status="PASS">
          <reporter-output>
          </reporter-output>
        </test-method> <!-- selectOptionsFromDropDown -->
        <test-method is-config="true" signature="tearDown()[pri:0, instance:com.sdw.tests.ResidentLoginTests@5a5338df]" started-at="2024-02-06T18:50:17Z" name="tearDown" finished-at="2024-02-06T18:50:19Z" duration-ms="1529" status="PASS">
          <reporter-output>
          </reporter-output>
        </test-method> <!-- tearDown -->
        <test-method is-config="true" signature="setUp()[pri:0, instance:com.sdw.tests.ResidentLoginTests@5a5338df]" started-at="2024-02-06T18:50:19Z" name="setUp" finished-at="2024-02-06T18:50:30Z" duration-ms="11043" status="PASS">
          <reporter-output>
          </reporter-output>
        </test-method> <!-- setUp -->
        <test-method signature="validateMandatoryField(java.lang.String, java.lang.String, java.lang.String, java.lang.String, java.lang.String)[pri:0, instance:com.sdw.tests.ResidentLoginTests@5a5338df]" started-at="2024-02-06T18:50:30Z" name="validateMandatoryField" data-provider="getDetails" finished-at="2024-02-06T18:50:44Z" duration-ms="13507" status="PASS">
          <params>
            <param index="0">
              <value>
                <![CDATA[Aspiring SDET]]>
              </value>
            </param>
            <param index="1">
              <value>
                <![CDATA[aspiringsdet@gmail.com]]>
              </value>
            </param>
            <param index="2">
              <value>
                <![CDATA[Bangalore]]>
              </value>
            </param>
            <param index="3">
              <value>
                <![CDATA[www.google.com]]>
              </value>
            </param>
            <param index="4">
              <value>
                <![CDATA[This is the text message]]>
              </value>
            </param>
          </params>
          <reporter-output>
          </reporter-output>
        </test-method> <!-- validateMandatoryField -->
        <test-method is-config="true" signature="tearDown()[pri:0, instance:com.sdw.tests.ResidentLoginTests@5a5338df]" started-at="2024-02-06T18:50:44Z" name="tearDown" finished-at="2024-02-06T18:50:45Z" duration-ms="1167" status="PASS">
          <reporter-output>
          </reporter-output>
        </test-method> <!-- tearDown -->
        <test-method is-config="true" signature="setUp()[pri:0, instance:com.sdw.tests.ResidentLoginTests@5a5338df]" started-at="2024-02-06T18:50:45Z" name="setUp" finished-at="2024-02-06T18:50:55Z" duration-ms="10554" status="PASS">
          <reporter-output>
          </reporter-output>
        </test-method> <!-- setUp -->
        <test-method signature="validateOptionsFromDropDown()[pri:0, instance:com.sdw.tests.ResidentLoginTests@5a5338df]" started-at="2024-02-06T18:50:55Z" name="validateOptionsFromDropDown" finished-at="2024-02-06T18:51:07Z" duration-ms="12201" status="PASS">
          <reporter-output>
          </reporter-output>
        </test-method> <!-- validateOptionsFromDropDown -->
        <test-method is-config="true" signature="tearDown()[pri:0, instance:com.sdw.tests.ResidentLoginTests@5a5338df]" started-at="2024-02-06T18:51:07Z" name="tearDown" finished-at="2024-02-06T18:51:09Z" duration-ms="1126" status="PASS">
          <reporter-output>
          </reporter-output>
        </test-method> <!-- tearDown -->
        <test-method is-config="true" signature="setUp()[pri:0, instance:com.sdw.tests.ResidentLoginTests@5a5338df]" started-at="2024-02-06T18:51:09Z" name="setUp" finished-at="2024-02-06T18:51:18Z" duration-ms="9724" status="PASS">
          <reporter-output>
          </reporter-output>
        </test-method> <!-- setUp -->
        <test-method signature="visibilityOfContactForm()[pri:0, instance:com.sdw.tests.ResidentLoginTests@5a5338df]" started-at="2024-02-06T18:51:18Z" name="visibilityOfContactForm" finished-at="2024-02-06T18:51:30Z" duration-ms="11547" status="PASS">
          <reporter-output>
          </reporter-output>
        </test-method> <!-- visibilityOfContactForm -->
        <test-method is-config="true" signature="tearDown()[pri:0, instance:com.sdw.tests.ResidentLoginTests@5a5338df]" started-at="2024-02-06T18:51:30Z" name="tearDown" finished-at="2024-02-06T18:51:31Z" duration-ms="948" status="PASS">
          <reporter-output>
          </reporter-output>
        </test-method> <!-- tearDown -->
      </class> <!-- com.sdw.tests.ResidentLoginTests -->
    </test> <!-- Test -->
  </suite> <!-- Suite -->
</testng-results>
