<?xml version="1.0" encoding="UTF-8"?>
<testng-results ignored="0" total="7" passed="7" failed="0" skipped="0">
  <reporter-output>
  </reporter-output>
  <suite started-at="2024-02-06T19:30:14Z" name="Suite" finished-at="2024-02-06T19:32:26Z" duration-ms="131476">
    <groups>
    </groups>
    <test started-at="2024-02-06T19:30:14Z" name="Test" finished-at="2024-02-06T19:32:26Z" duration-ms="131476">
      <class name="com.sdw.tests.HomePageTest">
        <test-method is-config="true" signature="setUp()[pri:0, instance:com.sdw.tests.HomePageTest@352c1b98]" started-at="2024-02-06T19:30:14Z" name="setUp" finished-at="2024-02-06T19:30:31Z" duration-ms="16525" status="PASS">
          <reporter-output>
          </reporter-output>
        </test-method> <!-- setUp -->
        <test-method signature="validateTheTitleOfHomePage()[pri:0, instance:com.sdw.tests.HomePageTest@352c1b98]" started-at="2024-02-06T19:30:31Z" name="validateTheTitleOfHomePage" finished-at="2024-02-06T19:30:32Z" duration-ms="741" status="PASS">
          <reporter-output>
          </reporter-output>
        </test-method> <!-- validateTheTitleOfHomePage -->
        <test-method is-config="true" signature="tearDown()[pri:0, instance:com.sdw.tests.HomePageTest@352c1b98]" started-at="2024-02-06T19:30:32Z" name="tearDown" finished-at="2024-02-06T19:30:34Z" duration-ms="2504" status="PASS">
          <reporter-output>
          </reporter-output>
        </test-method> <!-- tearDown -->
        <test-method is-config="true" signature="setUp()[pri:0, instance:com.sdw.tests.HomePageTest@352c1b98]" started-at="2024-02-06T19:30:34Z" name="setUp" finished-at="2024-02-06T19:30:47Z" duration-ms="12943" status="PASS">
          <reporter-output>
          </reporter-output>
        </test-method> <!-- setUp -->
        <test-method signature="validateTitleOfAccountingPage()[pri:0, instance:com.sdw.tests.HomePageTest@352c1b98]" started-at="2024-02-06T19:30:47Z" name="validateTitleOfAccountingPage" finished-at="2024-02-06T19:30:49Z" duration-ms="1815" status="PASS">
          <reporter-output>
          </reporter-output>
        </test-method> <!-- validateTitleOfAccountingPage -->
        <test-method is-config="true" signature="tearDown()[pri:0, instance:com.sdw.tests.HomePageTest@352c1b98]" started-at="2024-02-06T19:30:49Z" name="tearDown" finished-at="2024-02-06T19:30:50Z" duration-ms="1082" status="PASS">
          <reporter-output>
          </reporter-output>
        </test-method> <!-- tearDown -->
        <test-method is-config="true" signature="setUp()[pri:0, instance:com.sdw.tests.HomePageTest@352c1b98]" started-at="2024-02-06T19:30:50Z" name="setUp" finished-at="2024-02-06T19:30:59Z" duration-ms="8933" status="PASS">
          <reporter-output>
          </reporter-output>
        </test-method> <!-- setUp -->
        <test-method signature="validateTitleOfMarketingAndExploringPage()[pri:0, instance:com.sdw.tests.HomePageTest@352c1b98]" started-at="2024-02-06T19:30:59Z" name="validateTitleOfMarketingAndExploringPage" finished-at="2024-02-06T19:31:01Z" duration-ms="2474" status="PASS">
          <reporter-output>
          </reporter-output>
        </test-method> <!-- validateTitleOfMarketingAndExploringPage -->
        <test-method is-config="true" signature="tearDown()[pri:0, instance:com.sdw.tests.HomePageTest@352c1b98]" started-at="2024-02-06T19:31:01Z" name="tearDown" finished-at="2024-02-06T19:31:02Z" duration-ms="904" status="PASS">
          <reporter-output>
          </reporter-output>
        </test-method> <!-- tearDown -->
      </class> <!-- com.sdw.tests.HomePageTest -->
      <class name="com.sdw.tests.ResidentLoginTests">
        <test-method is-config="true" signature="setUp()[pri:0, instance:com.sdw.tests.ResidentLoginTests@21129f1f]" started-at="2024-02-06T19:31:02Z" name="setUp" finished-at="2024-02-06T19:31:11Z" duration-ms="8478" status="PASS">
          <reporter-output>
          </reporter-output>
        </test-method> <!-- setUp -->
        <test-method signature="selectOptionsFromDropDown()[pri:0, instance:com.sdw.tests.ResidentLoginTests@21129f1f]" started-at="2024-02-06T19:31:11Z" name="selectOptionsFromDropDown" finished-at="2024-02-06T19:31:25Z" duration-ms="14485" status="PASS">
          <reporter-output>
          </reporter-output>
        </test-method> <!-- selectOptionsFromDropDown -->
        <test-method is-config="true" signature="tearDown()[pri:0, instance:com.sdw.tests.ResidentLoginTests@21129f1f]" started-at="2024-02-06T19:31:25Z" name="tearDown" finished-at="2024-02-06T19:31:26Z" duration-ms="1164" status="PASS">
          <reporter-output>
          </reporter-output>
        </test-method> <!-- tearDown -->
        <test-method is-config="true" signature="setUp()[pri:0, instance:com.sdw.tests.ResidentLoginTests@21129f1f]" started-at="2024-02-06T19:31:26Z" name="setUp" finished-at="2024-02-06T19:31:36Z" duration-ms="9201" status="PASS">
          <reporter-output>
          </reporter-output>
        </test-method> <!-- setUp -->
        <test-method signature="validateMandatoryField(java.lang.String, java.lang.String, java.lang.String, java.lang.String, java.lang.String)[pri:0, instance:com.sdw.tests.ResidentLoginTests@21129f1f]" started-at="2024-02-06T19:31:36Z" name="validateMandatoryField" data-provider="getDetails" finished-at="2024-02-06T19:31:49Z" duration-ms="13799" status="PASS">
          <params>
            <param index="0">
              <value>
                <![CDATA[Aspiring SDET]]>
              </value>
            </param>
            <param index="1">
              <value>
                <![CDATA[aspiringsdet@gmail.com]]>
              </value>
            </param>
            <param index="2">
              <value>
                <![CDATA[Bangalore]]>
              </value>
            </param>
            <param index="3">
              <value>
                <![CDATA[www.google.com]]>
              </value>
            </param>
            <param index="4">
              <value>
                <![CDATA[This is the text message]]>
              </value>
            </param>
          </params>
          <reporter-output>
          </reporter-output>
        </test-method> <!-- validateMandatoryField -->
        <test-method is-config="true" signature="tearDown()[pri:0, instance:com.sdw.tests.ResidentLoginTests@21129f1f]" started-at="2024-02-06T19:31:49Z" name="tearDown" finished-at="2024-02-06T19:31:50Z" duration-ms="903" status="PASS">
          <reporter-output>
          </reporter-output>
        </test-method> <!-- tearDown -->
        <test-method is-config="true" signature="setUp()[pri:0, instance:com.sdw.tests.ResidentLoginTests@21129f1f]" started-at="2024-02-06T19:31:50Z" name="setUp" finished-at="2024-02-06T19:31:58Z" duration-ms="7670" status="PASS">
          <reporter-output>
          </reporter-output>
        </test-method> <!-- setUp -->
        <test-method signature="validateOptionsFromDropDown()[pri:0, instance:com.sdw.tests.ResidentLoginTests@21129f1f]" started-at="2024-02-06T19:31:58Z" name="validateOptionsFromDropDown" finished-at="2024-02-06T19:32:07Z" duration-ms="8832" status="PASS">
          <reporter-output>
          </reporter-output>
        </test-method> <!-- validateOptionsFromDropDown -->
        <test-method is-config="true" signature="tearDown()[pri:0, instance:com.sdw.tests.ResidentLoginTests@21129f1f]" started-at="2024-02-06T19:32:07Z" name="tearDown" finished-at="2024-02-06T19:32:08Z" duration-ms="931" status="PASS">
          <reporter-output>
          </reporter-output>
        </test-method> <!-- tearDown -->
        <test-method is-config="true" signature="setUp()[pri:0, instance:com.sdw.tests.ResidentLoginTests@21129f1f]" started-at="2024-02-06T19:32:08Z" name="setUp" finished-at="2024-02-06T19:32:17Z" duration-ms="9751" status="PASS">
          <reporter-output>
          </reporter-output>
        </test-method> <!-- setUp -->
        <test-method signature="visibilityOfContactForm()[pri:0, instance:com.sdw.tests.ResidentLoginTests@21129f1f]" started-at="2024-02-06T19:32:17Z" name="visibilityOfContactForm" finished-at="2024-02-06T19:32:25Z" duration-ms="7280" status="PASS">
          <reporter-output>
          </reporter-output>
        </test-method> <!-- visibilityOfContactForm -->
        <test-method is-config="true" signature="tearDown()[pri:0, instance:com.sdw.tests.ResidentLoginTests@21129f1f]" started-at="2024-02-06T19:32:25Z" name="tearDown" finished-at="2024-02-06T19:32:26Z" duration-ms="856" status="PASS">
          <reporter-output>
          </reporter-output>
        </test-method> <!-- tearDown -->
      </class> <!-- com.sdw.tests.ResidentLoginTests -->
    </test> <!-- Test -->
  </suite> <!-- Suite -->
</testng-results>
